<?xml version="1.0" encoding="UTF-8"?>
<testng-results ignored="0" total="1" passed="1" failed="0" skipped="0">
  <reporter-output>
  </reporter-output>
  <suite started-at="2023-11-28T05:52:21 WIB" name="Default suite" finished-at="2023-11-28T05:52:24 WIB" duration-ms="2752">
    <groups>
    </groups>
    <test started-at="2023-11-28T05:52:21 WIB" name="Default test" finished-at="2023-11-28T05:52:24 WIB" duration-ms="2752">
      <class name="weatherAPITest.GETForecast">
        <test-method signature="testWeatherInLondon()[pri:0, instance:weatherAPITest.GETForecast@5a955565]" started-at="2023-11-28T05:52:21 WIB" name="testWeatherInLondon" finished-at="2023-11-28T05:52:24 WIB" duration-ms="2720" status="PASS">
          <reporter-output>
          </reporter-output>
        </test-method> <!-- testWeatherInLondon -->
      </class> <!-- weatherAPITest.GETForecast -->
    </test> <!-- Default test -->
  </suite> <!-- Default suite -->
</testng-results>
